app/build/intermediates/manifest_merge_blame_file/release/processReleaseMainManifest/manifest-merger-blame-release-report.txt
1<?xml version="1.0" encoding="utf-8"?>
2<manifest xmlns:android="http://schemas.android.com/apk/res/android"
3    package="com.neerly.mobile"
4    android:versionCode="1"
5    android:versionName="1.0.0" >
6
7    <uses-sdk
8        android:minSdkVersion="24"
9        android:targetSdkVersion="34" />
10
11    <uses-permission android:name="android.permission.INTERNET" />
11-->src/main/AndroidManifest.xml:4:5-67
11-->src/main/AndroidManifest.xml:4:22-64
12    <uses-permission android:name="android.permission.ACCESS_NETWORK_STATE" />
12-->src/main/AndroidManifest.xml:5:5-79
12-->src/main/AndroidManifest.xml:5:22-76
13    <uses-permission android:name="android.permission.ACCESS_FINE_LOCATION" />
13-->src/main/AndroidManifest.xml:6:5-79
13-->src/main/AndroidManifest.xml:6:22-76
14    <uses-permission android:name="android.permission.ACCESS_COARSE_LOCATION" />
14-->src/main/AndroidManifest.xml:7:5-81
14-->src/main/AndroidManifest.xml:7:22-78
15    <uses-permission android:name="android.permission.CAMERA" />
15-->src/main/AndroidManifest.xml:8:5-65
15-->src/main/AndroidManifest.xml:8:22-62
16    <uses-permission android:name="android.permission.POST_NOTIFICATIONS" />
16-->src/main/AndroidManifest.xml:9:5-77
16-->src/main/AndroidManifest.xml:9:22-74
17    <uses-permission android:name="android.permission.RECEIVE_SMS" />
17-->src/main/AndroidManifest.xml:10:5-70
17-->src/main/AndroidManifest.xml:10:22-67
18    <uses-permission android:name="android.permission.NFC" />
18-->[com.razorpay:standard-core:1.7.18] AndroidManifest.xml:9:5-62
18-->[com.razorpay:standard-core:1.7.18] AndroidManifest.xml:9:22-59
19
20    <uses-feature
20-->[com.razorpay:standard-core:1.7.18] AndroidManifest.xml:11:5-13:36
21        android:name="android.hardware.nfc"
21-->[com.razorpay:standard-core:1.7.18] AndroidManifest.xml:12:9-44
22        android:required="false" />
22-->[com.razorpay:standard-core:1.7.18] AndroidManifest.xml:13:9-33
23
24    <queries>
24-->[com.razorpay:standard-core:1.7.18] AndroidManifest.xml:15:5-44:15
25        <intent>
25-->[com.razorpay:standard-core:1.7.18] AndroidManifest.xml:16:9-22:18
26            <action android:name="android.intent.action.VIEW" />
26-->[com.razorpay:standard-core:1.7.18] AndroidManifest.xml:17:13-65
26-->[com.razorpay:standard-core:1.7.18] AndroidManifest.xml:17:21-62
27
28            <data
28-->[com.razorpay:standard-core:1.7.18] AndroidManifest.xml:19:13-21:38
29                android:mimeType="*/*"
29-->[com.razorpay:standard-core:1.7.18] AndroidManifest.xml:20:17-39
30                android:scheme="*" />
30-->[com.razorpay:standard-core:1.7.18] AndroidManifest.xml:21:17-35
31        </intent>
32        <intent>
32-->[com.razorpay:standard-core:1.7.18] AndroidManifest.xml:23:9-32:18
33            <action android:name="android.intent.action.VIEW" />
33-->[com.razorpay:standard-core:1.7.18] AndroidManifest.xml:17:13-65
33-->[com.razorpay:standard-core:1.7.18] AndroidManifest.xml:17:21-62
34
35            <category android:name="android.intent.category.BROWSABLE" />
35-->[com.razorpay:standard-core:1.7.18] AndroidManifest.xml:26:13-74
35-->[com.razorpay:standard-core:1.7.18] AndroidManifest.xml:26:23-71
36
37            <data
37-->[com.razorpay:standard-core:1.7.18] AndroidManifest.xml:19:13-21:38
38                android:host="pay"
39                android:mimeType="*/*"
39-->[com.razorpay:standard-core:1.7.18] AndroidManifest.xml:20:17-39
40                android:scheme="upi" />
40-->[com.razorpay:standard-core:1.7.18] AndroidManifest.xml:21:17-35
41        </intent>
42        <intent>
42-->[com.razorpay:standard-core:1.7.18] AndroidManifest.xml:33:9-35:18
43            <action android:name="android.intent.action.MAIN" />
43-->src/main/AndroidManifest.xml:29:17-69
43-->src/main/AndroidManifest.xml:29:25-66
44        </intent>
45        <intent>
45-->[com.razorpay:standard-core:1.7.18] AndroidManifest.xml:36:9-40:18
46            <action android:name="android.intent.action.SEND" />
46-->[com.razorpay:standard-core:1.7.18] AndroidManifest.xml:37:13-65
46-->[com.razorpay:standard-core:1.7.18] AndroidManifest.xml:37:21-62
47
48            <data android:mimeType="*/*" />
48-->[com.razorpay:standard-core:1.7.18] AndroidManifest.xml:19:13-21:38
48-->[com.razorpay:standard-core:1.7.18] AndroidManifest.xml:20:17-39
49        </intent>
50        <intent>
50-->[com.razorpay:standard-core:1.7.18] AndroidManifest.xml:41:9-43:18
51            <action android:name="rzp.device_token.share" />
51-->[com.razorpay:standard-core:1.7.18] AndroidManifest.xml:42:13-61
51-->[com.razorpay:standard-core:1.7.18] AndroidManifest.xml:42:21-58
52        </intent>
53        <!-- Needs to be explicitly declared on Android R+ -->
54        <package android:name="com.google.android.apps.maps" />
54-->[com.google.android.gms:play-services-maps:19.0.0] AndroidManifest.xml:33:9-64
54-->[com.google.android.gms:play-services-maps:19.0.0] AndroidManifest.xml:33:18-61
55
56        <intent>
56-->[com.razorpay:core:1.0.18] AndroidManifest.xml:17:9-21:18
57            <action android:name="android.intent.action.VIEW" />
57-->[com.razorpay:standard-core:1.7.18] AndroidManifest.xml:17:13-65
57-->[com.razorpay:standard-core:1.7.18] AndroidManifest.xml:17:21-62
58
59            <data android:scheme="upi" />
59-->[com.razorpay:standard-core:1.7.18] AndroidManifest.xml:19:13-21:38
59-->[com.razorpay:standard-core:1.7.18] AndroidManifest.xml:21:17-35
60        </intent>
61    </queries>
62
63    <uses-feature
63-->[com.google.android.gms:play-services-maps:19.0.0] AndroidManifest.xml:26:5-28:35
64        android:glEsVersion="0x00020000"
64-->[com.google.android.gms:play-services-maps:19.0.0] AndroidManifest.xml:27:9-41
65        android:required="true" />
65-->[com.google.android.gms:play-services-maps:19.0.0] AndroidManifest.xml:28:9-32
66
67    <uses-permission android:name="android.permission.WAKE_LOCK" /> <!-- Required by older versions of Google Play services to create IID tokens -->
67-->[com.google.firebase:firebase-messaging:24.0.3] AndroidManifest.xml:24:5-68
67-->[com.google.firebase:firebase-messaging:24.0.3] AndroidManifest.xml:24:22-65
68    <uses-permission android:name="com.google.android.c2dm.permission.RECEIVE" />
68-->[com.google.firebase:firebase-messaging:24.0.3] AndroidManifest.xml:26:5-82
68-->[com.google.firebase:firebase-messaging:24.0.3] AndroidManifest.xml:26:22-79
69    <uses-permission android:name="com.google.android.providers.gsf.permission.READ_GSERVICES" />
69-->[com.google.android.recaptcha:recaptcha:18.5.1] AndroidManifest.xml:9:5-98
69-->[com.google.android.recaptcha:recaptcha:18.5.1] AndroidManifest.xml:9:22-95
70
71    <permission
71-->[androidx.core:core:1.13.1] AndroidManifest.xml:22:5-24:47
72        android:name="com.neerly.mobile.DYNAMIC_RECEIVER_NOT_EXPORTED_PERMISSION"
72-->[androidx.core:core:1.13.1] AndroidManifest.xml:23:9-81
73        android:protectionLevel="signature" />
73-->[androidx.core:core:1.13.1] AndroidManifest.xml:24:9-44
74
75    <uses-permission android:name="com.neerly.mobile.DYNAMIC_RECEIVER_NOT_EXPORTED_PERMISSION" /> <!-- Normal permission, automatically granted on API 23+ -->
75-->[androidx.core:core:1.13.1] AndroidManifest.xml:26:5-97
75-->[androidx.core:core:1.13.1] AndroidManifest.xml:26:22-94
76    <uses-permission android:name="android.permission.READ_BASIC_PHONE_STATE" />
76-->[com.razorpay:core:1.0.18] AndroidManifest.xml:10:5-81
76-->[com.razorpay:core:1.0.18] AndroidManifest.xml:10:22-78
77
78    <application
78-->src/main/AndroidManifest.xml:12:5-48:19
79        android:name="com.neerly.mobile.NeerlyApp"
79-->src/main/AndroidManifest.xml:13:9-34
80        android:allowBackup="true"
80-->src/main/AndroidManifest.xml:14:9-35
81        android:appComponentFactory="androidx.core.app.CoreComponentFactory"
81-->[androidx.core:core:1.13.1] AndroidManifest.xml:28:18-86
82        android:dataExtractionRules="@xml/data_extraction_rules"
82-->src/main/AndroidManifest.xml:15:9-65
83        android:extractNativeLibs="false"
84        android:fullBackupContent="@xml/backup_rules"
84-->src/main/AndroidManifest.xml:16:9-54
85        android:icon="@mipmap/ic_launcher"
85-->src/main/AndroidManifest.xml:17:9-43
86        android:label="@string/app_name"
86-->src/main/AndroidManifest.xml:18:9-41
87        android:networkSecurityConfig="@xml/network_security_config"
87-->src/main/AndroidManifest.xml:19:9-69
88        android:roundIcon="@mipmap/ic_launcher_round"
88-->src/main/AndroidManifest.xml:20:9-54
89        android:supportsRtl="true"
89-->src/main/AndroidManifest.xml:21:9-35
90        android:theme="@style/Theme.Neerly" >
90-->src/main/AndroidManifest.xml:22:9-44
91        <activity
91-->src/main/AndroidManifest.xml:24:9-32:20
92            android:name="com.neerly.mobile.MainActivity"
92-->src/main/AndroidManifest.xml:25:13-41
93            android:exported="true"
93-->src/main/AndroidManifest.xml:26:13-36
94            android:theme="@style/Theme.Neerly" >
94-->src/main/AndroidManifest.xml:27:13-48
95            <intent-filter>
95-->src/main/AndroidManifest.xml:28:13-31:29
96                <action android:name="android.intent.action.MAIN" />
96-->src/main/AndroidManifest.xml:29:17-69
96-->src/main/AndroidManifest.xml:29:25-66
97
98                <category android:name="android.intent.category.LAUNCHER" />
98-->src/main/AndroidManifest.xml:30:17-77
98-->src/main/AndroidManifest.xml:30:27-74
99            </intent-filter>
100        </activity>
101
102        <!-- Google Maps API key — set via META-DATA in local.properties or resValue -->
103        <meta-data
103-->src/main/AndroidManifest.xml:35:9-37:59
104            android:name="com.google.android.geo.API_KEY"
104-->src/main/AndroidManifest.xml:36:13-58
105            android:value="@string/google_maps_api_key" />
105-->src/main/AndroidManifest.xml:37:13-56
106
107        <!-- FCM token rotation + message receiver -->
108        <service
108-->src/main/AndroidManifest.xml:40:9-46:19
109            android:name="com.neerly.mobile.push.NeerlyMessagingService"
109-->src/main/AndroidManifest.xml:41:13-56
110            android:exported="false" >
110-->src/main/AndroidManifest.xml:42:13-37
111            <intent-filter>
111-->src/main/AndroidManifest.xml:43:13-45:29
112                <action android:name="com.google.firebase.MESSAGING_EVENT" />
112-->src/main/AndroidManifest.xml:44:17-78
112-->src/main/AndroidManifest.xml:44:25-75
113            </intent-filter>
114        </service>
115
116        <activity
116-->[com.razorpay:standard-core:1.7.18] AndroidManifest.xml:47:9-55:20
117            android:name="com.razorpay.CheckoutActivity"
117-->[com.razorpay:standard-core:1.7.18] AndroidManifest.xml:48:13-57
118            android:configChanges="keyboard|keyboardHidden|orientation|screenSize"
118-->[com.razorpay:standard-core:1.7.18] AndroidManifest.xml:49:13-83
119            android:exported="false"
119-->[com.razorpay:standard-core:1.7.18] AndroidManifest.xml:50:13-37
120            android:theme="@style/CheckoutTheme" >
120-->[com.razorpay:standard-core:1.7.18] AndroidManifest.xml:51:13-49
121            <intent-filter>
121-->[com.razorpay:standard-core:1.7.18] AndroidManifest.xml:52:13-54:29
122                <action android:name="android.intent.action.MAIN" />
122-->src/main/AndroidManifest.xml:29:17-69
122-->src/main/AndroidManifest.xml:29:25-66
123            </intent-filter>
124        </activity>
125
126        <provider
126-->[com.razorpay:standard-core:1.7.18] AndroidManifest.xml:57:9-68:20
127            android:name="androidx.startup.InitializationProvider"
127-->[com.razorpay:standard-core:1.7.18] AndroidManifest.xml:58:13-67
128            android:authorities="com.neerly.mobile.androidx-startup"
128-->[com.razorpay:standard-core:1.7.18] AndroidManifest.xml:59:13-68
129            android:exported="false" >
129-->[com.razorpay:standard-core:1.7.18] AndroidManifest.xml:60:13-37
130            <meta-data
130-->[com.razorpay:standard-core:1.7.18] AndroidManifest.xml:62:13-64:52
131                android:name="com.razorpay.RazorpayInitializer"
131-->[com.razorpay:standard-core:1.7.18] AndroidManifest.xml:63:17-64
132                android:value="androidx.startup" />
132-->[com.razorpay:standard-core:1.7.18] AndroidManifest.xml:64:17-49
133            <meta-data
133-->[com.razorpay:standard-core:1.7.18] AndroidManifest.xml:65:13-67:52
134                android:name="com.razorpay.CoreInitializer"
134-->[com.razorpay:standard-core:1.7.18] AndroidManifest.xml:66:17-60
135                android:value="androidx.startup" />
135-->[com.razorpay:standard-core:1.7.18] AndroidManifest.xml:67:17-49
136            <meta-data
136-->[androidx.emoji2:emoji2:1.3.0] AndroidManifest.xml:29:13-31:52
137                android:name="androidx.emoji2.text.EmojiCompatInitializer"
137-->[androidx.emoji2:emoji2:1.3.0] AndroidManifest.xml:30:17-75
138                android:value="androidx.startup" />
138-->[androidx.emoji2:emoji2:1.3.0] AndroidManifest.xml:31:17-49
139            <meta-data
139-->[androidx.lifecycle:lifecycle-process:2.8.6] AndroidManifest.xml:29:13-31:52
140                android:name="androidx.lifecycle.ProcessLifecycleInitializer"
140-->[androidx.lifecycle:lifecycle-process:2.8.6] AndroidManifest.xml:30:17-78
141                android:value="androidx.startup" />
141-->[androidx.lifecycle:lifecycle-process:2.8.6] AndroidManifest.xml:31:17-49
142            <meta-data
142-->[androidx.profileinstaller:profileinstaller:1.3.1] AndroidManifest.xml:29:13-31:52
143                android:name="androidx.profileinstaller.ProfileInstallerInitializer"
143-->[androidx.profileinstaller:profileinstaller:1.3.1] AndroidManifest.xml:30:17-85
144                android:value="androidx.startup" />
144-->[androidx.profileinstaller:profileinstaller:1.3.1] AndroidManifest.xml:31:17-49
145        </provider>
146
147        <activity
147-->[com.razorpay:standard-core:1.7.18] AndroidManifest.xml:70:9-73:75
148            android:name="com.razorpay.MagicXActivity"
148-->[com.razorpay:standard-core:1.7.18] AndroidManifest.xml:71:13-55
149            android:exported="false"
149-->[com.razorpay:standard-core:1.7.18] AndroidManifest.xml:72:13-37
150            android:theme="@android:style/Theme.Translucent.NoTitleBar" /> <!-- Needs to be explicitly declared on P+ -->
150-->[com.razorpay:standard-core:1.7.18] AndroidManifest.xml:73:13-72
151        <uses-library
151-->[com.google.android.gms:play-services-maps:19.0.0] AndroidManifest.xml:39:9-41:40
152            android:name="org.apache.http.legacy"
152-->[com.google.android.gms:play-services-maps:19.0.0] AndroidManifest.xml:40:13-50
153            android:required="false" />
153-->[com.google.android.gms:play-services-maps:19.0.0] AndroidManifest.xml:41:13-37
154
155        <receiver
155-->[com.google.firebase:firebase-messaging:24.0.3] AndroidManifest.xml:29:9-40:20
156            android:name="com.google.firebase.iid.FirebaseInstanceIdReceiver"
156-->[com.google.firebase:firebase-messaging:24.0.3] AndroidManifest.xml:30:13-78
157            android:exported="true"
157-->[com.google.firebase:firebase-messaging:24.0.3] AndroidManifest.xml:31:13-36
158            android:permission="com.google.android.c2dm.permission.SEND" >
158-->[com.google.firebase:firebase-messaging:24.0.3] AndroidManifest.xml:32:13-73
159            <intent-filter>
159-->[com.google.firebase:firebase-messaging:24.0.3] AndroidManifest.xml:33:13-35:29
160                <action android:name="com.google.android.c2dm.intent.RECEIVE" />
160-->[com.google.firebase:firebase-messaging:24.0.3] AndroidManifest.xml:34:17-81
160-->[com.google.firebase:firebase-messaging:24.0.3] AndroidManifest.xml:34:25-78
161            </intent-filter>
162
163            <meta-data
163-->[com.google.firebase:firebase-messaging:24.0.3] AndroidManifest.xml:37:13-39:40
164                android:name="com.google.android.gms.cloudmessaging.FINISHED_AFTER_HANDLED"
164-->[com.google.firebase:firebase-messaging:24.0.3] AndroidManifest.xml:38:17-92
165                android:value="true" />
165-->[com.google.firebase:firebase-messaging:24.0.3] AndroidManifest.xml:39:17-37
166        </receiver>
167        <!--
168             FirebaseMessagingService performs security checks at runtime,
169             but set to not exported to explicitly avoid allowing another app to call it.
170        -->
171        <service
171-->[com.google.firebase:firebase-messaging:24.0.3] AndroidManifest.xml:46:9-53:19
172            android:name="com.google.firebase.messaging.FirebaseMessagingService"
172-->[com.google.firebase:firebase-messaging:24.0.3] AndroidManifest.xml:47:13-82
173            android:directBootAware="true"
173-->[com.google.firebase:firebase-messaging:24.0.3] AndroidManifest.xml:48:13-43
174            android:exported="false" >
174-->[com.google.firebase:firebase-messaging:24.0.3] AndroidManifest.xml:49:13-37
175            <intent-filter android:priority="-500" >
175-->src/main/AndroidManifest.xml:43:13-45:29
176                <action android:name="com.google.firebase.MESSAGING_EVENT" />
176-->src/main/AndroidManifest.xml:44:17-78
176-->src/main/AndroidManifest.xml:44:25-75
177            </intent-filter>
178        </service>
179        <service
179-->[com.google.firebase:firebase-messaging:24.0.3] AndroidManifest.xml:54:9-63:19
180            android:name="com.google.firebase.components.ComponentDiscoveryService"
180-->[com.google.firebase:firebase-messaging:24.0.3] AndroidManifest.xml:55:13-84
181            android:directBootAware="true"
181-->[com.google.firebase:firebase-common:21.0.0] AndroidManifest.xml:32:13-43
182            android:exported="false" >
182-->[com.google.firebase:firebase-messaging:24.0.3] AndroidManifest.xml:56:13-37
183            <meta-data
183-->[com.google.firebase:firebase-messaging:24.0.3] AndroidManifest.xml:57:13-59:85
184                android:name="com.google.firebase.components:com.google.firebase.messaging.FirebaseMessagingKtxRegistrar"
184-->[com.google.firebase:firebase-messaging:24.0.3] AndroidManifest.xml:58:17-122
185                android:value="com.google.firebase.components.ComponentRegistrar" />
185-->[com.google.firebase:firebase-messaging:24.0.3] AndroidManifest.xml:59:17-82
186            <meta-data
186-->[com.google.firebase:firebase-messaging:24.0.3] AndroidManifest.xml:60:13-62:85
187                android:name="com.google.firebase.components:com.google.firebase.messaging.FirebaseMessagingRegistrar"
187-->[com.google.firebase:firebase-messaging:24.0.3] AndroidManifest.xml:61:17-119
188                android:value="com.google.firebase.components.ComponentRegistrar" />
188-->[com.google.firebase:firebase-messaging:24.0.3] AndroidManifest.xml:62:17-82
189            <meta-data
189-->[com.google.firebase:firebase-auth:23.1.0] AndroidManifest.xml:69:13-71:85
190                android:name="com.google.firebase.components:com.google.firebase.auth.FirebaseAuthRegistrar"
190-->[com.google.firebase:firebase-auth:23.1.0] AndroidManifest.xml:70:17-109
191                android:value="com.google.firebase.components.ComponentRegistrar" />
191-->[com.google.firebase:firebase-auth:23.1.0] AndroidManifest.xml:71:17-82
192            <meta-data
192-->[com.google.firebase:firebase-installations:18.0.0] AndroidManifest.xml:15:13-17:85
193                android:name="com.google.firebase.components:com.google.firebase.installations.FirebaseInstallationsKtxRegistrar"
193-->[com.google.firebase:firebase-installations:18.0.0] AndroidManifest.xml:16:17-130
194                android:value="com.google.firebase.components.ComponentRegistrar" />
194-->[com.google.firebase:firebase-installations:18.0.0] AndroidManifest.xml:17:17-82
195            <meta-data
195-->[com.google.firebase:firebase-installations:18.0.0] AndroidManifest.xml:18:13-20:85
196                android:name="com.google.firebase.components:com.google.firebase.installations.FirebaseInstallationsRegistrar"
196-->[com.google.firebase:firebase-installations:18.0.0] AndroidManifest.xml:19:17-127
197                android:value="com.google.firebase.components.ComponentRegistrar" />
197-->[com.google.firebase:firebase-installations:18.0.0] AndroidManifest.xml:20:17-82
198            <meta-data
198-->[com.google.firebase:firebase-common-ktx:21.0.0] AndroidManifest.xml:12:13-14:85
199                android:name="com.google.firebase.components:com.google.firebase.ktx.FirebaseCommonLegacyRegistrar"
199-->[com.google.firebase:firebase-common-ktx:21.0.0] AndroidManifest.xml:13:17-116
200                android:value="com.google.firebase.components.ComponentRegistrar" />
200-->[com.google.firebase:firebase-common-ktx:21.0.0] AndroidManifest.xml:14:17-82
201            <meta-data
201-->[com.google.firebase:firebase-common:21.0.0] AndroidManifest.xml:35:13-37:85
202                android:name="com.google.firebase.components:com.google.firebase.FirebaseCommonKtxRegistrar"
202-->[com.google.firebase:firebase-common:21.0.0] AndroidManifest.xml:36:17-109
203                android:value="com.google.firebase.components.ComponentRegistrar" />
203-->[com.google.firebase:firebase-common:21.0.0] AndroidManifest.xml:37:17-82
204            <meta-data
204-->[com.google.firebase:firebase-datatransport:18.2.0] AndroidManifest.xml:25:13-27:85
205                android:name="com.google.firebase.components:com.google.firebase.datatransport.TransportRegistrar"
205-->[com.google.firebase:firebase-datatransport:18.2.0] AndroidManifest.xml:26:17-115
206                android:value="com.google.firebase.components.ComponentRegistrar" />
206-->[com.google.firebase:firebase-datatransport:18.2.0] AndroidManifest.xml:27:17-82
207        </service>
208
209        <activity
209-->[com.google.firebase:firebase-auth:23.1.0] AndroidManifest.xml:29:9-46:20
210            android:name="com.google.firebase.auth.internal.GenericIdpActivity"
210-->[com.google.firebase:firebase-auth:23.1.0] AndroidManifest.xml:30:13-80
211            android:excludeFromRecents="true"
211-->[com.google.firebase:firebase-auth:23.1.0] AndroidManifest.xml:31:13-46
212            android:exported="true"
212-->[com.google.firebase:firebase-auth:23.1.0] AndroidManifest.xml:32:13-36
213            android:launchMode="singleTask"
213-->[com.google.firebase:firebase-auth:23.1.0] AndroidManifest.xml:33:13-44
214            android:theme="@android:style/Theme.Translucent.NoTitleBar" >
214-->[com.google.firebase:firebase-auth:23.1.0] AndroidManifest.xml:34:13-72
215            <intent-filter>
215-->[com.google.firebase:firebase-auth:23.1.0] AndroidManifest.xml:35:13-45:29
216                <action android:name="android.intent.action.VIEW" />
216-->[com.razorpay:standard-core:1.7.18] AndroidManifest.xml:17:13-65
216-->[com.razorpay:standard-core:1.7.18] AndroidManifest.xml:17:21-62
217
218                <category android:name="android.intent.category.DEFAULT" />
218-->[com.google.firebase:firebase-auth:23.1.0] AndroidManifest.xml:38:17-76
218-->[com.google.firebase:firebase-auth:23.1.0] AndroidManifest.xml:38:27-73
219                <category android:name="android.intent.category.BROWSABLE" />
219-->[com.razorpay:standard-core:1.7.18] AndroidManifest.xml:26:13-74
219-->[com.razorpay:standard-core:1.7.18] AndroidManifest.xml:26:23-71
220
221                <data
221-->[com.razorpay:standard-core:1.7.18] AndroidManifest.xml:19:13-21:38
222                    android:host="firebase.auth"
223                    android:path="/"
224                    android:scheme="genericidp" />
224-->[com.razorpay:standard-core:1.7.18] AndroidManifest.xml:21:17-35
225            </intent-filter>
226        </activity>
227        <activity
227-->[com.google.firebase:firebase-auth:23.1.0] AndroidManifest.xml:47:9-64:20
228            android:name="com.google.firebase.auth.internal.RecaptchaActivity"
228-->[com.google.firebase:firebase-auth:23.1.0] AndroidManifest.xml:48:13-79
229            android:excludeFromRecents="true"
229-->[com.google.firebase:firebase-auth:23.1.0] AndroidManifest.xml:49:13-46
230            android:exported="true"
230-->[com.google.firebase:firebase-auth:23.1.0] AndroidManifest.xml:50:13-36
231            android:launchMode="singleTask"
231-->[com.google.firebase:firebase-auth:23.1.0] AndroidManifest.xml:51:13-44
232            android:theme="@android:style/Theme.Translucent.NoTitleBar" >
232-->[com.google.firebase:firebase-auth:23.1.0] AndroidManifest.xml:52:13-72
233            <intent-filter>
233-->[com.google.firebase:firebase-auth:23.1.0] AndroidManifest.xml:53:13-63:29
234                <action android:name="android.intent.action.VIEW" />
234-->[com.razorpay:standard-core:1.7.18] AndroidManifest.xml:17:13-65
234-->[com.razorpay:standard-core:1.7.18] AndroidManifest.xml:17:21-62
235
236                <category android:name="android.intent.category.DEFAULT" />
236-->[com.google.firebase:firebase-auth:23.1.0] AndroidManifest.xml:38:17-76
236-->[com.google.firebase:firebase-auth:23.1.0] AndroidManifest.xml:38:27-73
237                <category android:name="android.intent.category.BROWSABLE" />
237-->[com.razorpay:standard-core:1.7.18] AndroidManifest.xml:26:13-74
237-->[com.razorpay:standard-core:1.7.18] AndroidManifest.xml:26:23-71
238
239                <data
239-->[com.razorpay:standard-core:1.7.18] AndroidManifest.xml:19:13-21:38
240                    android:host="firebase.auth"
241                    android:path="/"
242                    android:scheme="recaptcha" />
242-->[com.razorpay:standard-core:1.7.18] AndroidManifest.xml:21:17-35
243            </intent-filter>
244        </activity>
245
246        <service
246-->[androidx.credentials:credentials-play-services-auth:1.2.0-rc01] AndroidManifest.xml:24:9-32:19
247            android:name="androidx.credentials.playservices.CredentialProviderMetadataHolder"
247-->[androidx.credentials:credentials-play-services-auth:1.2.0-rc01] AndroidManifest.xml:25:13-94
248            android:enabled="true"
248-->[androidx.credentials:credentials-play-services-auth:1.2.0-rc01] AndroidManifest.xml:26:13-35
249            android:exported="false" >
249-->[androidx.credentials:credentials-play-services-auth:1.2.0-rc01] AndroidManifest.xml:27:13-37
250            <meta-data
250-->[androidx.credentials:credentials-play-services-auth:1.2.0-rc01] AndroidManifest.xml:29:13-31:104
251                android:name="androidx.credentials.CREDENTIAL_PROVIDER_KEY"
251-->[androidx.credentials:credentials-play-services-auth:1.2.0-rc01] AndroidManifest.xml:30:17-76
252                android:value="androidx.credentials.playservices.CredentialProviderPlayServicesImpl" />
252-->[androidx.credentials:credentials-play-services-auth:1.2.0-rc01] AndroidManifest.xml:31:17-101
253        </service>
254
255        <activity
255-->[androidx.credentials:credentials-play-services-auth:1.2.0-rc01] AndroidManifest.xml:34:9-41:20
256            android:name="androidx.credentials.playservices.HiddenActivity"
256-->[androidx.credentials:credentials-play-services-auth:1.2.0-rc01] AndroidManifest.xml:35:13-76
257            android:configChanges="orientation|screenSize|screenLayout|keyboardHidden"
257-->[androidx.credentials:credentials-play-services-auth:1.2.0-rc01] AndroidManifest.xml:36:13-87
258            android:enabled="true"
258-->[androidx.credentials:credentials-play-services-auth:1.2.0-rc01] AndroidManifest.xml:37:13-35
259            android:exported="false"
259-->[androidx.credentials:credentials-play-services-auth:1.2.0-rc01] AndroidManifest.xml:38:13-37
260            android:fitsSystemWindows="true"
260-->[androidx.credentials:credentials-play-services-auth:1.2.0-rc01] AndroidManifest.xml:39:13-45
261            android:theme="@style/Theme.Hidden" >
261-->[androidx.credentials:credentials-play-services-auth:1.2.0-rc01] AndroidManifest.xml:40:13-48
262        </activity>
263        <activity
263-->[com.google.android.gms:play-services-auth:21.1.0] AndroidManifest.xml:23:9-27:75
264            android:name="com.google.android.gms.auth.api.signin.internal.SignInHubActivity"
264-->[com.google.android.gms:play-services-auth:21.1.0] AndroidManifest.xml:24:13-93
265            android:excludeFromRecents="true"
265-->[com.google.android.gms:play-services-auth:21.1.0] AndroidManifest.xml:25:13-46
266            android:exported="false"
266-->[com.google.android.gms:play-services-auth:21.1.0] AndroidManifest.xml:26:13-37
267            android:theme="@android:style/Theme.Translucent.NoTitleBar" />
267-->[com.google.android.gms:play-services-auth:21.1.0] AndroidManifest.xml:27:13-72
268        <!--
269            Service handling Google Sign-In user revocation. For apps that do not integrate with
270            Google Sign-In, this service will never be started.
271        -->
272        <service
272-->[com.google.android.gms:play-services-auth:21.1.0] AndroidManifest.xml:33:9-37:51
273            android:name="com.google.android.gms.auth.api.signin.RevocationBoundService"
273-->[com.google.android.gms:play-services-auth:21.1.0] AndroidManifest.xml:34:13-89
274            android:exported="true"
274-->[com.google.android.gms:play-services-auth:21.1.0] AndroidManifest.xml:35:13-36
275            android:permission="com.google.android.gms.auth.api.signin.permission.REVOCATION_NOTIFICATION"
275-->[com.google.android.gms:play-services-auth:21.1.0] AndroidManifest.xml:36:13-107
276            android:visibleToInstantApps="true" />
276-->[com.google.android.gms:play-services-auth:21.1.0] AndroidManifest.xml:37:13-48
277
278        <activity
278-->[com.google.android.gms:play-services-base:18.5.0] AndroidManifest.xml:5:9-173
279            android:name="com.google.android.gms.common.api.GoogleApiActivity"
279-->[com.google.android.gms:play-services-base:18.5.0] AndroidManifest.xml:5:19-85
280            android:exported="false"
280-->[com.google.android.gms:play-services-base:18.5.0] AndroidManifest.xml:5:146-170
281            android:theme="@android:style/Theme.Translucent.NoTitleBar" />